playup-android/proguard/seeds.txt
com.playup.android.activity.PlayUpActivity
com.playup.android.activity.PlayUpActivity: PlayUpActivity()
com.playup.android.activity.ProxySettings
com.playup.android.activity.ProxySettings: ProxySettings()
com.playup.android.activity.VideoActivity
com.playup.android.activity.VideoActivity: VideoActivity()
com.playup.android.application.PlayupLiveApplication
com.playup.android.application.PlayupLiveApplication: PlayupLiveApplication()
com.playup.android.customview.CustomGallery
com.playup.android.customview.CustomGallery: CustomGallery(android.content.Context)
com.playup.android.customview.CustomGallery: CustomGallery(android.content.Context,android.util.AttributeSet)
com.playup.android.customview.CustomGallery: CustomGallery(android.content.Context,android.util.AttributeSet,int)
com.playup.android.receiver.InstallTracking
com.playup.android.receiver.InstallTracking: InstallTracking()
com.playup.android.receiver.IntentReceiver
com.playup.android.receiver.IntentReceiver: IntentReceiver()
...
android.support.v4.app.BackStackState
android.support.v4.app.BackStackState: android.os.Parcelable$Creator CREATOR
android.support.v4.app.Fragment$SavedState
android.support.v4.app.Fragment$SavedState: android.os.Parcelable$Creator CREATOR
android.support.v4.app.FragmentActivity
android.support.v4.app.FragmentActivity: FragmentActivity()
android.support.v4.app.FragmentManagerState
android.support.v4.app.FragmentManagerState: android.os.Parcelable$Creator CREATOR
android.support.v4.app.FragmentState
android.support.v4.app.FragmentState: android.os.Parcelable$Creator CREATOR
android.support.v4.content.ModernAsyncTask$Status: android.support.v4.content.ModernAsyncTask$Status[] values()
android.support.v4.content.ModernAsyncTask$Status: android.support.v4.content.ModernAsyncTask$Status valueOf(java.lang.String)
android.support.v4.view.ViewPager
android.support.v4.view.ViewPager: ViewPager(android.content.Context,android.util.AttributeSet)
android.support.v4.view.ViewPager$SavedState
android.support.v4.view.ViewPager$SavedState: android.os.Parcelable$Creator CREATOR
com.flurry.android.CatalogActivity
com.flurry.android.CatalogActivity: void onClick(android.view.View)
com.flurry.android.InstallReceiver
com.google.android.apps.analytics.AnalyticsReceiver
com.google.protobuf.WireFormat$FieldType: com.google.protobuf.WireFormat$FieldType[] values()
com.google.protobuf.WireFormat$FieldType: com.google.protobuf.WireFormat$FieldType valueOf(java.lang.String)
com.google.protobuf.WireFormat$JavaType: com.google.protobuf.WireFormat$JavaType[] values()
com.google.protobuf.WireFormat$JavaType: com.google.protobuf.WireFormat$JavaType valueOf(java.lang.String)
com.mobileapptracker.Tracker
com.mobileapptracker.Tracker: Tracker()
com.urbanairship.AirshipConfigOptions$TransportType: com.urbanairship.AirshipConfigOptions$TransportType[] values()
com.urbanairship.AirshipConfigOptions$TransportType: com.urbanairship.AirshipConfigOptions$TransportType valueOf(java.lang.String)
com.urbanairship.CoreReceiver
com.urbanairship.CoreReceiver: CoreReceiver()
com.urbanairship.analytics.InstrumentedActivity
com.urbanairship.analytics.InstrumentedListActivity
com.urbanairship.iap.Inventory$FilterType: com.urbanairship.iap.Inventory$FilterType[] values()
com.urbanairship.iap.Inventory$FilterType: com.urbanairship.iap.Inventory$FilterType valueOf(java.lang.String)
com.urbanairship.iap.Inventory$Status: com.urbanairship.iap.Inventory$Status[] values()
com.urbanairship.iap.Inventory$Status: com.urbanairship.iap.Inventory$Status valueOf(java.lang.String)
com.urbanairship.iap.Product$Status: com.urbanairship.iap.Product$Status[] values()
com.urbanairship.iap.Product$Status: com.urbanairship.iap.Product$Status valueOf(java.lang.String)
com.urbanairship.iap.PurchaseNotificationInfo$NotificationType: com.urbanairship.iap.PurchaseNotificationInfo$NotificationType[] values()
com.urbanairship.iap.PurchaseNotificationInfo$NotificationType: com.urbanairship.iap.PurchaseNotificationInfo$NotificationType valueOf(java.lang.String)
com.urbanairship.iap.marketinterface.BillingReceiver
com.urbanairship.iap.marketinterface.BillingService
com.urbanairship.iap.marketinterface.Consts$PurchaseState: com.urbanairship.iap.marketinterface.Consts$PurchaseState[] values()
com.urbanairship.iap.marketinterface.Consts$PurchaseState: com.urbanairship.iap.marketinterface.Consts$PurchaseState valueOf(java.lang.String)
com.urbanairship.iap.marketinterface.Consts$ResponseCode: com.urbanairship.iap.marketinterface.Consts$ResponseCode[] values()
com.urbanairship.iap.marketinterface.Consts$ResponseCode: com.urbanairship.iap.marketinterface.Consts$ResponseCode valueOf(java.lang.String)
com.urbanairship.push.PushService
com.urbanairship.push.PushService: PushService()
com.urbanairship.push.c2dm.C2DMPushReceiver
com.urbanairship.push.c2dm.C2DMPushReceiver: C2DMPushReceiver()