playup-android/proguard/mapping.txt
com.playup.android.activity.PlayUpActivity -> com.playup.android.activity.PlayUpActivity:
    java.util.Hashtable runnableList -> m
    com.playup.android.activity.PlayUpActivity context -> n
    java.util.concurrent.ExecutorService executorPool -> o
    android.os.IBinder mBinder -> p
    boolean isHomePressed -> q
    android.app.NotificationManager mNotificationManager -> r
    android.os.Handler handler -> s
    com.mobileapptracker.MobileAppTracker mobileAppTracker -> t
    boolean isXhdpi -> u
    java.util.TimerTask refreshAllSportsTask -> v
    java.util.Timer refreshAllSportsTimer -> w
    java.util.TimerTask refreshNotificationTask -> x
    java.util.Timer refreshNotificationTimer -> y
    java.util.Timer refreshRecentActivityTimer -> z
    java.util.TimerTask refreshRecentActivityTask -> A
    java.util.Timer directConversationTimer -> B
    java.util.TimerTask directConversationTask -> C
    java.util.Timer playUpFriendsTimer -> D
    java.util.TimerTask playUpFriendsTask -> E
    android.content.BroadcastReceiver mConnReceiver -> F
    boolean fromNewIntent -> G
    android.os.Bundle b -> H
    void onSaveInstanceState(android.os.Bundle) -> onSaveInstanceState
    void onCreate(android.os.Bundle) -> onCreate
    void setValues() -> m
    void onRestoreInstanceState(android.os.Bundle) -> onRestoreInstanceState
    void onNewIntent(android.content.Intent) -> onNewIntent
    void onStart() -> onStart
    void onResume() -> onResume
    void onRestart() -> onRestart
com.playup.android.activity.PlayUpActivity$1 -> com.playup.android.activity.a:
    com.playup.android.activity.PlayUpActivity this$0 -> a
    void onReceive(android.content.Context,android.content.Intent) -> onReceive
com.playup.android.activity.PlayUpActivity$2 -> com.playup.android.activity.b:
    com.playup.android.activity.PlayUpActivity this$0 -> a
    void run() -> run
com.playup.android.activity.PlayUpActivity$3 -> com.playup.android.activity.c:
    void run() -> run
com.playup.android.activity.PlayUpActivity$3$1 -> com.playup.android.activity.d:
    com.playup.android.activity.PlayUpActivity$3 this$1 -> a
    void run() -> run
com.playup.android.activity.PlayUpActivity$4 -> com.playup.android.activity.e:
    void run() -> run
com.playup.android.activity.PlayUpActivity$5 -> com.playup.android.activity.f:
    void run() -> run
com.playup.android.activity.PlayUpActivity$6 -> com.playup.android.activity.g:
    void run() -> run
com.playup.android.activity.PlayUpActivity$6$1 -> com.playup.android.activity.h:
    com.playup.android.activity.PlayUpActivity$6 this$1 -> a
    void run() -> run
com.playup.android.activity.PlayUpActivity$7 -> com.playup.android.activity.i:
    void run() -> run
com.playup.android.activity.ProxySettings -> com.playup.android.activity.ProxySettings:
    void onCreate(android.os.Bundle) -> onCreate
com.playup.android.activity.ProxySettings$1 -> com.playup.android.activity.j:
    com.playup.android.activity.ProxySettings this$0 -> a
    android.widget.EditText val$hostEditText -> b
    android.widget.EditText val$portEditText -> c
    void onClick(android.view.View) -> onClick
com.playup.android.activity.ProxySettings$2 -> com.playup.android.activity.k:
    com.playup.android.activity.ProxySettings this$0 -> a
    void onClick(android.view.View) -> onClick
com.playup.android.activity.VideoActivity -> com.playup.android.activity.VideoActivity:
    android.app.ProgressDialog progressDialog -> a
    android.widget.VideoView videoView -> b
    void onCreate(android.os.Bundle) -> onCreate
    void onResume() -> onResume
    void onPause() -> onPause
    boolean onKeyDown(int,android.view.KeyEvent) -> onKeyDown
    void access$0(com.playup.android.activity.VideoActivity) -> a
    android.app.ProgressDialog access$1(com.playup.android.activity.VideoActivity) -> b
    void access$2$1bc3ec1c(com.playup.android.activity.VideoActivity) -> c
...
com.google.protobuf.InvalidProtocolBufferException -> com.google.a.m:
    com.google.protobuf.InvalidProtocolBufferException truncatedMessage() -> a
    com.google.protobuf.InvalidProtocolBufferException negativeSize() -> b
    com.google.protobuf.InvalidProtocolBufferException malformedVarint() -> c
    com.google.protobuf.InvalidProtocolBufferException invalidTag() -> d
    com.google.protobuf.InvalidProtocolBufferException invalidEndTag() -> e
    com.google.protobuf.InvalidProtocolBufferException invalidWireType() -> f
    com.google.protobuf.InvalidProtocolBufferException recursionLimitExceeded() -> g
    com.google.protobuf.InvalidProtocolBufferException sizeLimitExceeded() -> h
com.google.protobuf.MessageLite -> com.google.a.n:
    void writeTo(com.google.protobuf.CodedOutputStream) -> a
    int getSerializedSize() -> c
com.google.protobuf.MessageLite$Builder -> com.google.a.o:
    com.google.protobuf.MessageLite$Builder mergeFrom(com.google.protobuf.CodedInputStream,com.google.protobuf.ExtensionRegistryLite) -> b
com.google.protobuf.UninitializedMessageException -> com.google.a.p:
    java.util.List missingFields -> a
    com.google.protobuf.InvalidProtocolBufferException asInvalidProtocolBufferException() -> a
com.google.protobuf.WireFormat -> com.google.a.q:
    int MESSAGE_SET_ITEM_TAG -> a
    int MESSAGE_SET_ITEM_END_TAG -> b
    int MESSAGE_SET_TYPE_ID_TAG -> c
    int MESSAGE_SET_MESSAGE_TAG -> d
    int getTagWireType(int) -> a
    int getTagFieldNumber(int) -> b
    int makeTag(int,int) -> a
com.mobileapptracker.Encryption -> com.mobileapptracker.a:
    javax.crypto.spec.IvParameterSpec ivspec -> a
    javax.crypto.spec.SecretKeySpec keyspec -> b
    javax.crypto.Cipher cipher -> c
    byte[] encrypt(java.lang.String) -> a
    java.lang.String bytesToHex(byte[]) -> a
    java.lang.String padString(java.lang.String) -> b
com.mobileapptracker.MobileAppTracker -> com.mobileapptracker.b:
    boolean initialized -> a
    boolean last_success -> b
    boolean constructed -> c
    boolean httpsEncryption -> d
    int last_status_code -> e
    java.lang.String install -> f
    java.util.concurrent.ConcurrentHashMap paramTable -> g
    android.content.Context context -> h
    android.content.BroadcastReceiver networkStateReceiver -> i
    com.mobileapptracker.Encryption URLEnc -> j
    java.util.concurrent.ExecutorService pool -> k
    org.apache.http.client.HttpClient client -> l
    java.util.List encryptList -> m
    java.util.concurrent.Semaphore queueAvailable -> n
    android.content.SharedPreferences EventQueue -> o
    android.content.SharedPreferences SP -> p
    void addEventToQueue(java.lang.String,java.lang.String) -> a
    int getQueueSize() -> c
    void dumpQueue() -> d
    boolean is_online() -> e
    boolean initialize_variables(android.content.Context) -> a
    int trackInstall() -> a
    int trackInstall(android.content.Context) -> b
    int trackUpdate() -> b
    int trackAction(java.lang.String) -> a
    int track$16da0604(java.lang.String) -> b
    java.lang.String buildLink() -> f
    int getApp_version() -> g
    void setApp_version(int) -> a
    java.lang.String getKey() -> h
    java.lang.String getReferrer() -> i
    void putInParamTable(java.lang.String,java.lang.String) -> b
    int access$000(com.mobileapptracker.MobileAppTracker) -> a
com.mobileapptracker.MobileAppTracker$1 -> com.mobileapptracker.c:
    com.mobileapptracker.MobileAppTracker this$0 -> a
    void onReceive(android.content.Context,android.content.Intent) -> onReceive
com.mobileapptracker.MobileAppTracker$getLink -> com.mobileapptracker.d:
    java.lang.String link -> c
    java.lang.String json -> d
    int status -> a
    com.mobileapptracker.MobileAppTracker this$0 -> b
    void run() -> run
com.mobileapptracker.Tracker -> com.mobileapptracker.Tracker:
    android.content.SharedPreferences SP -> a
    void onReceive(android.content.Context,android.content.Intent) -> onReceive