playup-android/proguard/usage.txt
com.playup.android.BuildConfig
com.playup.android.Manifest
com.playup.android.Manifest$permission
com.playup.android.R
com.playup.android.R$anim
com.playup.android.R$attr
com.playup.android.R$color
com.playup.android.R$drawable
com.playup.android.R$id
com.playup.android.R$layout
com.playup.android.R$menu
com.playup.android.R$string
com.playup.android.R$style
com.playup.android.activity.PlayUpActivity:
    public static com.playup.android.activity.PlayUpActivity fragmentActivity
    914:924:public static void stopDirectConversation()
    1022:1046:public static void showNotification(android.content.Intent,int)
com.playup.android.adapters.CountriesAdapter
com.playup.android.adapters.CountriesAdapter$1
com.playup.android.adapters.CountriesAdapter$1$1
com.playup.android.adapters.CountriesAdapter$2
com.playup.android.adapters.CountriesAdapter$2$1
com.playup.android.adapters.CountriesAdapter$3
com.playup.android.adapters.CountriesAdapter$ViewHolder
com.playup.android.adapters.DirectConversationAdapter
com.playup.android.adapters.DirectConversationAdapter$1
com.playup.android.adapters.DirectConversationAdapter$2
com.playup.android.adapters.DirectConversationAdapter$3
com.playup.android.adapters.DirectConversationAdapter$3$1
com.playup.android.adapters.DirectConversationAdapter$UpdateCounterTask
com.playup.android.adapters.DirectConversationAdapter$ViewHolder
com.playup.android.adapters.DirectMessageAdapter
com.playup.android.adapters.DirectMessageAdapter$1
com.playup.android.adapters.DirectMessageAdapter$2
com.playup.android.adapters.DirectMessageAdapter$3
com.playup.android.adapters.DirectMessageAdapter$UpdateCounterTask
com.playup.android.adapters.DirectMessageAdapter$ViewHolder
com.playup.android.adapters.EuroTilesGridGenerator
com.playup.android.adapters.EuroTilesGridGenerator$1
com.playup.android.adapters.EuroTilesGridGenerator$UpdateCounterTask
com.playup.android.adapters.FixtureGallery
com.playup.android.adapters.FixtureGallery$ViewHolder
com.playup.android.adapters.FriendGalleryAdapter
com.playup.android.adapters.FriendGalleryAdapter$ViewHolder
com.playup.android.adapters.FriendsAdapter
com.playup.android.adapters.FriendsAdapter$1
com.playup.android.adapters.FriendsAdapter$2
com.playup.android.adapters.FriendsAdapter$3
com.playup.android.adapters.FriendsAdapter$4
com.playup.android.adapters.FriendsAdapter$5
com.playup.android.adapters.FriendsAdapter$6
com.playup.android.adapters.FriendsAdapter$UpdateCounterTask
com.playup.android.adapters.FriendsAdapter$ViewHolder
com.playup.android.adapters.GridAdapter
com.playup.android.adapters.GridAdapter$1
com.playup.android.adapters.GridAdapter$ViewHolder
com.playup.android.adapters.HeaderGalleryAdapter
com.playup.android.adapters.HeaderGalleryAdapter$1
com.playup.android.adapters.HeaderGalleryAdapter$2
com.playup.android.adapters.HeaderGalleryAdapter$3
com.playup.android.adapters.HeaderGalleryAdapter$4
com.playup.android.adapters.HeaderGalleryAdapter$ViewHolder
com.playup.android.adapters.InviteFriendsAdapter
com.playup.android.adapters.InviteFriendsAdapter$1
com.playup.android.adapters.InviteFriendsAdapter$2
com.playup.android.adapters.InviteFriendsAdapter$ViewHolder
com.playup.android.adapters.LeaderBoardAdapter
com.playup.android.adapters.LeaderBoardAdapter$ViewHolder
com.playup.android.adapters.LeagueAdapter
com.playup.android.adapters.LeagueAdapter$1
com.playup.android.adapters.LeagueAdapter$UpdateCounterTask
com.playup.android.adapters.LeagueAdapter$ViewHolder
com.playup.android.adapters.ListGenerator
com.playup.android.adapters.ListGenerator$1
com.playup.android.adapters.ListGenerator$UpdateCounterTask
com.playup.android.adapters.MatchGalleryAdapter
com.playup.android.adapters.MatchGalleryAdapter$1
com.playup.android.adapters.MatchGalleryAdapter$1$1
com.playup.android.adapters.MatchGalleryAdapter$ViewHolder
com.playup.android.adapters.MatchHeaderGenerator
com.playup.android.adapters.MatchRoomGridAdapter
com.playup.android.adapters.MatchRoomGridAdapter$1
...
com.urbanairship.push.embedded.Config$Helium:
    public static final long initialRetryInterval
    public static final long backoffFactor
    public static final long maxRetryInterval
    public static final long retryResetThreshold
    public static final long readSleep
    public static final long MAX_HELIUM_CACHE_TTL_MS
    public static final int maxFailureCount
    public static final long postLookupDelay
    public static final long postFirstRunDelay
    public Config$Helium()
com.urbanairship.push.embedded.Crypto:
    private static final java.lang.String algo
com.urbanairship.push.embedded.Crypto$NullUUID:
    private static final long serialVersionUID
com.urbanairship.push.embedded.EmbeddedPushManager:
    public static final java.lang.String version
    static final java.lang.String holdingPatternWarning
    public synchronized void setExtraApidRegistrationsDisabled(boolean)
    public static void stop()
com.urbanairship.push.embedded.HeliumClient$HeliumException:
    private static final long serialVersionUID
com.urbanairship.push.embedded.HeliumClient$HeliumInvalidPackageException:
    private static final long serialVersionUID
com.urbanairship.push.embedded.HeliumConnection:
    public static final int CONNECTION_TIMEOUT
    public boolean isConnected()
com.urbanairship.push.embedded.Network:
    public Network()
com.urbanairship.push.proto.Messages:
    private Messages()
    public static void registerAllExtensions(com.google.protobuf.ExtensionRegistryLite)
    static void <clinit>()
com.urbanairship.push.proto.Messages$AirshipMethod:
    public static com.google.protobuf.Internal$EnumLiteMap internalGetValueMap()
com.urbanairship.push.proto.Messages$AirshipMethod$1:
    public com.urbanairship.push.proto.Messages$AirshipMethod findValueByNumber(int)
    public bridge synthetic com.google.protobuf.Internal$EnumLite findValueByNumber(int)
com.urbanairship.push.proto.Messages$DeviceConnect
com.urbanairship.push.proto.Messages$DeviceConnect$Builder
com.urbanairship.push.proto.Messages$Hello
com.urbanairship.push.proto.Messages$Hello$Builder
com.urbanairship.push.proto.Messages$KeyValue:
    public static final int KEY_FIELD_NUMBER
    public static final int VALUE_FIELD_NUMBER
    public com.urbanairship.push.proto.Messages$KeyValue getDefaultInstanceForType()
    public static com.urbanairship.push.proto.Messages$KeyValue parseFrom(com.google.protobuf.ByteString)
    public static com.urbanairship.push.proto.Messages$KeyValue parseFrom(com.google.protobuf.ByteString,com.google.protobuf.ExtensionRegistryLite)
    public static com.urbanairship.push.proto.Messages$KeyValue parseFrom(byte[])
    public static com.urbanairship.push.proto.Messages$KeyValue parseFrom(byte[],com.google.protobuf.ExtensionRegistryLite)
    public static com.urbanairship.push.proto.Messages$KeyValue parseFrom(java.io.InputStream)
    public static com.urbanairship.push.proto.Messages$KeyValue parseFrom(java.io.InputStream,com.google.protobuf.ExtensionRegistryLite)
    public static com.urbanairship.push.proto.Messages$KeyValue parseDelimitedFrom(java.io.InputStream)
    public static com.urbanairship.push.proto.Messages$KeyValue parseDelimitedFrom(java.io.InputStream,com.google.protobuf.ExtensionRegistryLite)
    public static com.urbanairship.push.proto.Messages$KeyValue parseFrom(com.google.protobuf.CodedInputStream)
    public static com.urbanairship.push.proto.Messages$KeyValue parseFrom(com.google.protobuf.CodedInputStream,com.google.protobuf.ExtensionRegistryLite)